{
  "/Users/andres.novelo/Documents/GitHub/react-certification-2021/src/components/Card/Card.component.jsx": {
    "path": "/Users/andres.novelo/Documents/GitHub/react-certification-2021/src/components/Card/Card.component.jsx",
    "statementMap": {
      "0": { "start": { "line": 12, "column": 46 }, "end": { "line": 12, "column": 51 } },
      "1": { "start": { "line": 14, "column": 2 }, "end": { "line": 24, "column": 4 } }
    },
    "fnMap": {
      "0": {
        "name": "Card",
        "decl": {
          "start": { "line": 11, "column": 9 },
          "end": { "line": 11, "column": 13 }
        },
        "loc": {
          "start": { "line": 11, "column": 21 },
          "end": { "line": 25, "column": 1 }
        },
        "line": 11
      }
    },
    "branchMap": {},
    "s": { "0": 26, "1": 26 },
    "f": { "0": 26 },
    "b": {},
    "_coverageSchema": "43e27e138ebf9cfc5966b082cf9a028302ed4184",
    "hash": "cd6e524e4746b001d24abbe1bb3950eb84c85431"
  },
  "/Users/andres.novelo/Documents/GitHub/react-certification-2021/src/components/DisplayToggle/DisplayToggle.component.jsx": {
    "path": "/Users/andres.novelo/Documents/GitHub/react-certification-2021/src/components/DisplayToggle/DisplayToggle.component.jsx",
    "statementMap": {
      "0": { "start": { "line": 6, "column": 32 }, "end": { "line": 6, "column": 47 } },
      "1": { "start": { "line": 8, "column": 17 }, "end": { "line": 10, "column": 8 } },
      "2": { "start": { "line": 9, "column": 4 }, "end": { "line": 9, "column": 26 } },
      "3": { "start": { "line": 9, "column": 22 }, "end": { "line": 9, "column": 24 } },
      "4": { "start": { "line": 12, "column": 2 }, "end": { "line": 25, "column": 4 } }
    },
    "fnMap": {
      "0": {
        "name": "DisplayToggle",
        "decl": {
          "start": { "line": 5, "column": 9 },
          "end": { "line": 5, "column": 22 }
        },
        "loc": {
          "start": { "line": 5, "column": 25 },
          "end": { "line": 26, "column": 1 }
        },
        "line": 5
      },
      "1": {
        "name": "(anonymous_1)",
        "decl": {
          "start": { "line": 8, "column": 35 },
          "end": { "line": 8, "column": 36 }
        },
        "loc": {
          "start": { "line": 8, "column": 41 },
          "end": { "line": 10, "column": 3 }
        },
        "line": 8
      },
      "2": {
        "name": "(anonymous_2)",
        "decl": {
          "start": { "line": 9, "column": 15 },
          "end": { "line": 9, "column": 16 }
        },
        "loc": {
          "start": { "line": 9, "column": 22 },
          "end": { "line": 9, "column": 24 }
        },
        "line": 9
      }
    },
    "branchMap": {},
    "s": { "0": 4, "1": 4, "2": 1, "3": 1, "4": 4 },
    "f": { "0": 4, "1": 1, "2": 1 },
    "b": {},
    "_coverageSchema": "43e27e138ebf9cfc5966b082cf9a028302ed4184",
    "hash": "3aa1b4c4872b48e0210df60ffa8f6ebc4c173c69"
  },
  "/Users/andres.novelo/Documents/GitHub/react-certification-2021/src/components/Header/Header.component.jsx": {
    "path": "/Users/andres.novelo/Documents/GitHub/react-certification-2021/src/components/Header/Header.component.jsx",
    "statementMap": {
      "0": { "start": { "line": 10, "column": 2 }, "end": { "line": 21, "column": 4 } }
    },
    "fnMap": {
      "0": {
        "name": "Header",
        "decl": {
          "start": { "line": 9, "column": 9 },
          "end": { "line": 9, "column": 15 }
        },
        "loc": {
          "start": { "line": 9, "column": 18 },
          "end": { "line": 22, "column": 1 }
        },
        "line": 9
      }
    },
    "branchMap": {},
    "s": { "0": 1 },
    "f": { "0": 1 },
    "b": {},
    "_coverageSchema": "43e27e138ebf9cfc5966b082cf9a028302ed4184",
    "hash": "75053bbd395d3ba8b61afdd86ba9e3d4675c43ed"
  },
  "/Users/andres.novelo/Documents/GitHub/react-certification-2021/src/components/HomeView/HomeView.component.jsx": {
    "path": "/Users/andres.novelo/Documents/GitHub/react-certification-2021/src/components/HomeView/HomeView.component.jsx",
    "statementMap": {
      "0": { "start": { "line": 7, "column": 2 }, "end": { "line": 22, "column": 4 } },
      "1": { "start": { "line": 12, "column": 10 }, "end": { "line": 18, "column": 16 } }
    },
    "fnMap": {
      "0": {
        "name": "HomeView",
        "decl": {
          "start": { "line": 6, "column": 9 },
          "end": { "line": 6, "column": 17 }
        },
        "loc": {
          "start": { "line": 6, "column": 20 },
          "end": { "line": 23, "column": 1 }
        },
        "line": 6
      },
      "1": {
        "name": "(anonymous_1)",
        "decl": {
          "start": { "line": 11, "column": 28 },
          "end": { "line": 11, "column": 29 }
        },
        "loc": {
          "start": { "line": 12, "column": 10 },
          "end": { "line": 18, "column": 16 }
        },
        "line": 12
      }
    },
    "branchMap": {},
    "s": { "0": 1, "1": 25 },
    "f": { "0": 1, "1": 25 },
    "b": {},
    "_coverageSchema": "43e27e138ebf9cfc5966b082cf9a028302ed4184",
    "hash": "2254c85dd877fc40dc33bd857cb24a48f7e7484d"
  },
  "/Users/andres.novelo/Documents/GitHub/react-certification-2021/src/components/ProfileButton/ProfileButton.component.jsx": {
    "path": "/Users/andres.novelo/Documents/GitHub/react-certification-2021/src/components/ProfileButton/ProfileButton.component.jsx",
    "statementMap": {
      "0": { "start": { "line": 7, "column": 2 }, "end": { "line": 11, "column": 4 } }
    },
    "fnMap": {
      "0": {
        "name": "ProfileButton",
        "decl": {
          "start": { "line": 6, "column": 9 },
          "end": { "line": 6, "column": 22 }
        },
        "loc": {
          "start": { "line": 6, "column": 25 },
          "end": { "line": 12, "column": 1 }
        },
        "line": 6
      }
    },
    "branchMap": {},
    "s": { "0": 2 },
    "f": { "0": 2 },
    "b": {},
    "_coverageSchema": "43e27e138ebf9cfc5966b082cf9a028302ed4184",
    "hash": "63f974ded7d99b5e1aae3dd642c0916a39c2fdd5"
  },
  "/Users/andres.novelo/Documents/GitHub/react-certification-2021/src/components/SearchBar/SearchBar.component.jsx": {
    "path": "/Users/andres.novelo/Documents/GitHub/react-certification-2021/src/components/SearchBar/SearchBar.component.jsx",
    "statementMap": {
      "0": { "start": { "line": 7, "column": 2 }, "end": { "line": 14, "column": 4 } }
    },
    "fnMap": {
      "0": {
        "name": "SearchBar",
        "decl": {
          "start": { "line": 6, "column": 9 },
          "end": { "line": 6, "column": 18 }
        },
        "loc": {
          "start": { "line": 6, "column": 21 },
          "end": { "line": 15, "column": 1 }
        },
        "line": 6
      }
    },
    "branchMap": {},
    "s": { "0": 2 },
    "f": { "0": 2 },
    "b": {},
    "_coverageSchema": "43e27e138ebf9cfc5966b082cf9a028302ed4184",
    "hash": "c1a9e121b47f0f7aa74e765bea7783dee382b0b4"
  }
}
