{"/Users/andres.novelo/Documents/GitHub/react-certification-2021/src/components/App/App.component.jsx": {"path":"/Users/andres.novelo/Documents/GitHub/react-certification-2021/src/components/App/App.component.jsx","statementMap":{"0":{"start":{"line":12,"column":2},"end":{"line":33,"column":4}}},"fnMap":{"0":{"name":"App","decl":{"start":{"line":11,"column":9},"end":{"line":11,"column":12}},"loc":{"start":{"line":11,"column":15},"end":{"line":34,"column":1}},"line":11}},"branchMap":{},"s":{"0":1},"f":{"0":1},"b":{},"_coverageSchema":"43e27e138ebf9cfc5966b082cf9a028302ed4184","hash":"120852157997ee855924a0c6fb7df43f1ee4deed"}
,"/Users/andres.novelo/Documents/GitHub/react-certification-2021/src/components/Card/Card.component.jsx": {"path":"/Users/andres.novelo/Documents/GitHub/react-certification-2021/src/components/Card/Card.component.jsx","statementMap":{"0":{"start":{"line":13,"column":18},"end":{"line":13,"column":30}},"1":{"start":{"line":14,"column":55},"end":{"line":14,"column":60}},"2":{"start":{"line":16,"column":2},"end":{"line":30,"column":4}},"3":{"start":{"line":20,"column":10},"end":{"line":20,"column":44}}},"fnMap":{"0":{"name":"Card","decl":{"start":{"line":12,"column":9},"end":{"line":12,"column":13}},"loc":{"start":{"line":12,"column":21},"end":{"line":31,"column":1}},"line":12},"1":{"name":"(anonymous_1)","decl":{"start":{"line":19,"column":17},"end":{"line":19,"column":18}},"loc":{"start":{"line":19,"column":23},"end":{"line":21,"column":9}},"line":19}},"branchMap":{},"s":{"0":2,"1":2,"2":2,"3":1},"f":{"0":2,"1":1},"b":{},"_coverageSchema":"43e27e138ebf9cfc5966b082cf9a028302ed4184","hash":"a4286f6a99e819ad8e6cf8090607d318540810b0"}
,"/Users/andres.novelo/Documents/GitHub/react-certification-2021/src/components/DisplayToggle/DisplayToggle.component.jsx": {"path":"/Users/andres.novelo/Documents/GitHub/react-certification-2021/src/components/DisplayToggle/DisplayToggle.component.jsx","statementMap":{"0":{"start":{"line":6,"column":32},"end":{"line":6,"column":47}},"1":{"start":{"line":8,"column":17},"end":{"line":10,"column":8}},"2":{"start":{"line":9,"column":4},"end":{"line":9,"column":26}},"3":{"start":{"line":9,"column":22},"end":{"line":9,"column":24}},"4":{"start":{"line":12,"column":2},"end":{"line":25,"column":4}}},"fnMap":{"0":{"name":"DisplayToggle","decl":{"start":{"line":5,"column":9},"end":{"line":5,"column":22}},"loc":{"start":{"line":5,"column":25},"end":{"line":26,"column":1}},"line":5},"1":{"name":"(anonymous_1)","decl":{"start":{"line":8,"column":35},"end":{"line":8,"column":36}},"loc":{"start":{"line":8,"column":41},"end":{"line":10,"column":3}},"line":8},"2":{"name":"(anonymous_2)","decl":{"start":{"line":9,"column":15},"end":{"line":9,"column":16}},"loc":{"start":{"line":9,"column":22},"end":{"line":9,"column":24}},"line":9}},"branchMap":{},"s":{"0":8,"1":8,"2":1,"3":1,"4":8},"f":{"0":8,"1":1,"2":1},"b":{},"_coverageSchema":"43e27e138ebf9cfc5966b082cf9a028302ed4184","hash":"3aa1b4c4872b48e0210df60ffa8f6ebc4c173c69"}
,"/Users/andres.novelo/Documents/GitHub/react-certification-2021/src/components/Header/Header.component.jsx": {"path":"/Users/andres.novelo/Documents/GitHub/react-certification-2021/src/components/Header/Header.component.jsx","statementMap":{"0":{"start":{"line":10,"column":21},"end":{"line":10,"column":26}},"1":{"start":{"line":12,"column":2},"end":{"line":23,"column":4}}},"fnMap":{"0":{"name":"Header","decl":{"start":{"line":9,"column":9},"end":{"line":9,"column":15}},"loc":{"start":{"line":9,"column":23},"end":{"line":24,"column":1}},"line":9}},"branchMap":{},"s":{"0":5,"1":5},"f":{"0":5},"b":{},"_coverageSchema":"43e27e138ebf9cfc5966b082cf9a028302ed4184","hash":"e5554e6354cb08bab44f3564d6c3e4f944bc82e8"}
,"/Users/andres.novelo/Documents/GitHub/react-certification-2021/src/components/HomeView/HomeView.component.jsx": {"path":"/Users/andres.novelo/Documents/GitHub/react-certification-2021/src/components/HomeView/HomeView.component.jsx","statementMap":{"0":{"start":{"line":8,"column":21},"end":{"line":8,"column":26}},"1":{"start":{"line":9,"column":17},"end":{"line":9,"column":40}},"2":{"start":{"line":11,"column":2},"end":{"line":27,"column":4}},"3":{"start":{"line":16,"column":10},"end":{"line":23,"column":16}}},"fnMap":{"0":{"name":"HomeView","decl":{"start":{"line":7,"column":9},"end":{"line":7,"column":17}},"loc":{"start":{"line":7,"column":25},"end":{"line":28,"column":1}},"line":7},"1":{"name":"(anonymous_1)","decl":{"start":{"line":15,"column":20},"end":{"line":15,"column":21}},"loc":{"start":{"line":16,"column":10},"end":{"line":23,"column":16}},"line":16}},"branchMap":{},"s":{"0":2,"1":2,"2":2,"3":0},"f":{"0":2,"1":0},"b":{},"_coverageSchema":"43e27e138ebf9cfc5966b082cf9a028302ed4184","hash":"848299ad54c093f0c5e2ec0f61b82f79a61be97a"}
,"/Users/andres.novelo/Documents/GitHub/react-certification-2021/src/components/Layout/Layout.component.jsx": {"path":"/Users/andres.novelo/Documents/GitHub/react-certification-2021/src/components/Layout/Layout.component.jsx","statementMap":{"0":{"start":{"line":6,"column":2},"end":{"line":6,"column":55}}},"fnMap":{"0":{"name":"Layout","decl":{"start":{"line":5,"column":9},"end":{"line":5,"column":15}},"loc":{"start":{"line":5,"column":30},"end":{"line":7,"column":1}},"line":5}},"branchMap":{},"s":{"0":1},"f":{"0":1},"b":{},"_coverageSchema":"43e27e138ebf9cfc5966b082cf9a028302ed4184","hash":"e898380b4ad8e70ba2a6f32a0bc5698d4211bc86"}
,"/Users/andres.novelo/Documents/GitHub/react-certification-2021/src/components/ProfileButton/ProfileButton.component.jsx": {"path":"/Users/andres.novelo/Documents/GitHub/react-certification-2021/src/components/ProfileButton/ProfileButton.component.jsx","statementMap":{"0":{"start":{"line":7,"column":2},"end":{"line":11,"column":4}}},"fnMap":{"0":{"name":"ProfileButton","decl":{"start":{"line":6,"column":9},"end":{"line":6,"column":22}},"loc":{"start":{"line":6,"column":25},"end":{"line":12,"column":1}},"line":6}},"branchMap":{},"s":{"0":6},"f":{"0":6},"b":{},"_coverageSchema":"43e27e138ebf9cfc5966b082cf9a028302ed4184","hash":"63f974ded7d99b5e1aae3dd642c0916a39c2fdd5"}
,"/Users/andres.novelo/Documents/GitHub/react-certification-2021/src/components/RelatedVideoCard/RelatedVideoCard.component.jsx": {"path":"/Users/andres.novelo/Documents/GitHub/react-certification-2021/src/components/RelatedVideoCard/RelatedVideoCard.component.jsx","statementMap":{"0":{"start":{"line":12,"column":18},"end":{"line":12,"column":30}},"1":{"start":{"line":13,"column":42},"end":{"line":13,"column":47}},"2":{"start":{"line":15,"column":2},"end":{"line":28,"column":4}},"3":{"start":{"line":19,"column":10},"end":{"line":19,"column":44}}},"fnMap":{"0":{"name":"RelatedVideoCard","decl":{"start":{"line":11,"column":9},"end":{"line":11,"column":25}},"loc":{"start":{"line":11,"column":33},"end":{"line":29,"column":1}},"line":11},"1":{"name":"(anonymous_1)","decl":{"start":{"line":18,"column":17},"end":{"line":18,"column":18}},"loc":{"start":{"line":18,"column":23},"end":{"line":20,"column":9}},"line":18}},"branchMap":{},"s":{"0":2,"1":2,"2":2,"3":1},"f":{"0":2,"1":1},"b":{},"_coverageSchema":"43e27e138ebf9cfc5966b082cf9a028302ed4184","hash":"248fc5485bd5c1a15f78bd2fc5289300b9af61ac"}
,"/Users/andres.novelo/Documents/GitHub/react-certification-2021/src/components/SearchBar/SearchBar.component.jsx": {"path":"/Users/andres.novelo/Documents/GitHub/react-certification-2021/src/components/SearchBar/SearchBar.component.jsx","statementMap":{"0":{"start":{"line":7,"column":21},"end":{"line":7,"column":26}},"1":{"start":{"line":9,"column":22},"end":{"line":13,"column":3}},"2":{"start":{"line":10,"column":4},"end":{"line":12,"column":5}},"3":{"start":{"line":11,"column":6},"end":{"line":11,"column":29}},"4":{"start":{"line":15,"column":2},"end":{"line":22,"column":4}}},"fnMap":{"0":{"name":"SearchBar","decl":{"start":{"line":6,"column":9},"end":{"line":6,"column":18}},"loc":{"start":{"line":6,"column":26},"end":{"line":23,"column":1}},"line":6},"1":{"name":"(anonymous_1)","decl":{"start":{"line":9,"column":22},"end":{"line":9,"column":23}},"loc":{"start":{"line":9,"column":29},"end":{"line":13,"column":3}},"line":9}},"branchMap":{"0":{"loc":{"start":{"line":10,"column":4},"end":{"line":12,"column":5}},"type":"if","locations":[{"start":{"line":10,"column":4},"end":{"line":12,"column":5}},{"start":{"line":10,"column":4},"end":{"line":12,"column":5}}],"line":10}},"s":{"0":8,"1":8,"2":3,"3":2,"4":8},"f":{"0":8,"1":3},"b":{"0":[2,1]},"_coverageSchema":"43e27e138ebf9cfc5966b082cf9a028302ed4184","hash":"a6cb76d92b97da0b6017f399664d0e5bd56b36d5"}
}
